<?xml version="1.0" encoding="UTF-8"?>
<!-- Generated by org.testng.reporters.JUnitReportReporter -->
<testsuite skipped="5" hostname="MATPUNDTD405" name="com.Capita.AutomationDemo.testscripts.TestLoginThroughDataProvider" tests="6" failures="0" timestamp="12 Apr 2018 12:53:27 GMT" time="0.238" errors="1">
  <testcase name="setUP" time="0.238" classname="com.Capita.AutomationDemo.testscripts.TestLoginThroughDataProvider">
    <error type="org.openqa.selenium.WebDriverException" message="Cannot find firefox binary in PATH. Make sure firefox is installed. OS appears to be: VISTA
Build info: version: &#039;2.53.1&#039;, revision: &#039;a36b8b1cd5757287168e54b817830adce9b0158d&#039;, time: &#039;2016-06-30 19:26:09&#039;
System info: host: &#039;MATPUNDTD405&#039;, ip: &#039;10.77.12.142&#039;, os.name: &#039;Windows 7&#039;, os.arch: &#039;amd64&#039;, os.version: &#039;6.1&#039;, java.version: &#039;1.8.0_152&#039;
Driver info: driver.version: FirefoxDriver">
      <![CDATA[org.openqa.selenium.WebDriverException: Cannot find firefox binary in PATH. Make sure firefox is installed. OS appears to be: VISTA
Build info: version: '2.53.1', revision: 'a36b8b1cd5757287168e54b817830adce9b0158d', time: '2016-06-30 19:26:09'
System info: host: 'MATPUNDTD405', ip: '10.77.12.142', os.name: 'Windows 7', os.arch: 'amd64', os.version: '6.1', java.version: '1.8.0_152'
Driver info: driver.version: FirefoxDriver
at org.openqa.selenium.firefox.internal.Executable.<init>(Executable.java:75)
at org.openqa.selenium.firefox.FirefoxBinary.<init>(FirefoxBinary.java:60)
at org.openqa.selenium.firefox.FirefoxBinary.<init>(FirefoxBinary.java:56)
at org.openqa.selenium.firefox.FirefoxDriver.<init>(FirefoxDriver.java:120)
at com.Capita.AutomationDemo.testbase.TestBase.selectBrowser(TestBase.java:83)
at com.Capita.AutomationDemo.testbase.TestBase.init(TestBase.java:65)
at com.Capita.AutomationDemo.testscripts.TestLoginThroughDataProvider.setUP(TestLoginThroughDataProvider.java:27)
at sun.reflect.NativeMethodAccessorImpl.invoke0(Native Method)
at sun.reflect.NativeMethodAccessorImpl.invoke(NativeMethodAccessorImpl.java:62)
at sun.reflect.DelegatingMethodAccessorImpl.invoke(DelegatingMethodAccessorImpl.java:43)
at java.lang.reflect.Method.invoke(Method.java:498)
at org.testng.internal.MethodInvocationHelper.invokeMethod(MethodInvocationHelper.java:124)
at org.testng.internal.MethodInvocationHelper.invokeMethodConsideringTimeout(MethodInvocationHelper.java:59)
at org.testng.internal.Invoker.invokeConfigurationMethod(Invoker.java:455)
at org.testng.internal.Invoker.invokeConfigurations(Invoker.java:222)
at org.testng.internal.Invoker.invokeMethod(Invoker.java:520)
at org.testng.internal.Invoker.invokeTestMethod(Invoker.java:716)
at org.testng.internal.Invoker.invokeTestMethods(Invoker.java:988)
at org.testng.internal.TestMethodWorker.invokeTestMethods(TestMethodWorker.java:125)
at org.testng.internal.TestMethodWorker.run(TestMethodWorker.java:109)
at org.testng.TestRunner.privateRun(TestRunner.java:648)
at org.testng.TestRunner.run(TestRunner.java:505)
at org.testng.SuiteRunner.runTest(SuiteRunner.java:455)
at org.testng.SuiteRunner.runSequentially(SuiteRunner.java:450)
at org.testng.SuiteRunner.privateRun(SuiteRunner.java:415)
at org.testng.SuiteRunner.run(SuiteRunner.java:364)
at org.testng.SuiteRunnerWorker.runSuite(SuiteRunnerWorker.java:52)
at org.testng.SuiteRunnerWorker.run(SuiteRunnerWorker.java:84)
at org.testng.TestNG.runSuitesSequentially(TestNG.java:1208)
at org.testng.TestNG.runSuitesLocally(TestNG.java:1137)
at org.testng.TestNG.runSuites(TestNG.java:1049)
at org.testng.TestNG.run(TestNG.java:1017)
at org.testng.remote.AbstractRemoteTestNG.run(AbstractRemoteTestNG.java:114)
at org.testng.remote.RemoteTestNG.initAndRun(RemoteTestNG.java:251)
at org.testng.remote.RemoteTestNG.main(RemoteTestNG.java:77)
]]>
    </error>
  </testcase> <!-- setUP -->
  <testcase name="TestLoginWithDataProvider" time="0.000" classname="com.Capita.AutomationDemo.testscripts.TestLoginThroughDataProvider">
    <skipped/>
  </testcase> <!-- TestLoginWithDataProvider -->
  <testcase name="TestLoginWithDataProvider" time="0.000" classname="com.Capita.AutomationDemo.testscripts.TestLoginThroughDataProvider">
    <skipped/>
  </testcase> <!-- TestLoginWithDataProvider -->
  <testcase name="TestLoginWithDataProvider" time="0.000" classname="com.Capita.AutomationDemo.testscripts.TestLoginThroughDataProvider">
    <skipped/>
  </testcase> <!-- TestLoginWithDataProvider -->
  <testcase name="TestLoginWithDataProvider" time="0.000" classname="com.Capita.AutomationDemo.testscripts.TestLoginThroughDataProvider">
    <skipped/>
  </testcase> <!-- TestLoginWithDataProvider -->
  <testcase name="TestLoginWithDataProvider" time="0.000" classname="com.Capita.AutomationDemo.testscripts.TestLoginThroughDataProvider">
    <skipped/>
  </testcase> <!-- TestLoginWithDataProvider -->
</testsuite> <!-- com.Capita.AutomationDemo.testscripts.TestLoginThroughDataProvider -->
